вњ“ Global setup: denovoai (no auth)

Running 35 tests using 1 worker

  x   1 [chromium] вЂє e2e\specs\00.smoke.spec.ts:5:3 вЂє smoke вЂє app loads with 200 (40.0s)
  x   2 [chromium] вЂє e2e\specs\00.smoke.spec.ts:10:3 вЂє smoke вЂє page has title (40.1s)
  x   3 [chromium] вЂє e2e\specs\00.smoke.spec.ts:16:3 вЂє smoke вЂє app-root is present (40.1s)
  x   4 [chromium] вЂє e2e\specs\00.smoke.spec.ts:21:3 вЂє smoke вЂє hero heading is visible (40.1s)
  -   5 [chromium] вЂє e2e\specs\01.auth.spec.ts:7:3 вЂє auth вЂє placeholder
  x   6 [chromium] вЂє e2e\specs\02.dashboard.spec.ts:9:3 вЂє dashboard / home вЂє home page renders with app-root (40.0s)
  x   7 [chromium] вЂє e2e\specs\02.dashboard.spec.ts:13:3 вЂє dashboard / home вЂє feature cards section is visible (19.0s)
  x   8 [chromium] вЂє e2e\specs\02.dashboard.spec.ts:17:3 вЂє dashboard / home вЂє AI Development card is present (2.5s)
  x   9 [chromium] вЂє e2e\specs\02.dashboard.spec.ts:21:3 вЂє dashboard / home вЂє Smart Templates card is present (2.5s)
  x  10 [chromium] вЂє e2e\specs\02.dashboard.spec.ts:25:3 вЂє dashboard / home вЂє Orchestration card is present (2.5s)
  x  11 [chromium] вЂє e2e\specs\02.dashboard.spec.ts:29:3 вЂє dashboard / home вЂє Module Engine card is present (2.5s)
  x  12 [chromium] вЂє e2e\specs\02.dashboard.spec.ts:33:3 вЂє dashboard / home вЂє primary-list section renders (2.5s)
  x  13 [chromium] вЂє e2e\specs\02.dashboard.spec.ts:37:3 вЂє dashboard / home вЂє create-primary button is present (2.5s)
  x  14 [chromium] вЂє e2e\specs\02.dashboard.spec.ts:41:3 вЂє dashboard / home вЂє search-primary input is present (2.5s)
  x  15 [chromium] вЂє e2e\specs\02.dashboard.spec.ts:45:3 вЂє dashboard / home вЂє Recent Runs heading is visible (12.2s)
  x  16 [chromium] вЂє e2e\specs\03.crud.spec.ts:9:3 вЂє crud вЂ” runs вЂє primary-list is present on home (5.4s)
  x  17 [chromium] вЂє e2e\specs\03.crud.spec.ts:13:3 вЂє crud вЂ” runs вЂє create-primary button is visible (5.4s)
  x  18 [chromium] вЂє e2e\specs\03.crud.spec.ts:17:3 вЂє crud вЂ” runs вЂє create-primary is disabled when prompt is empty (5.4s)
  ok 19 [chromium] вЂє e2e\specs\03.crud.spec.ts:21:3 вЂє crud вЂ” runs вЂє create-primary enables when prompt is filled (28.4s)
  ok 20 [chromium] вЂє e2e\specs\03.crud.spec.ts:26:3 вЂє crud вЂ” runs вЂє prompt input clears after filling and clearing (1.8s)
  ok 21 [chromium] вЂє e2e\specs\03.crud.spec.ts:34:3 вЂє crud вЂ” runs вЂє search-primary filters the run list (399ms)
  ok 22 [chromium] вЂє e2e\specs\03.crud.spec.ts:41:3 вЂє crud вЂ” runs вЂє empty state shows when no runs exist (484ms)
  ok 23 [chromium] вЂє e2e\specs\04.forms.spec.ts:9:3 вЂє forms вЂє create-run-form is present (419ms)
  ok 24 [chromium] вЂє e2e\specs\04.forms.spec.ts:13:3 вЂє forms вЂє run-prompt-input accepts text (388ms)
  ok 25 [chromium] вЂє e2e\specs\04.forms.spec.ts:19:3 вЂє forms вЂє submit button is disabled when prompt is empty (384ms)
  ok 26 [chromium] вЂє e2e\specs\04.forms.spec.ts:23:3 вЂє forms вЂє submit button is enabled when prompt is filled (357ms)
  ok 27 [chromium] вЂє e2e\specs\04.forms.spec.ts:28:3 вЂє forms вЂє prompt input has correct placeholder (388ms)
  ok 28 [chromium] вЂє e2e\specs\04.forms.spec.ts:33:3 вЂє forms вЂє form has correct aria label on input (525ms)
  ok 29 [chromium] вЂє e2e\specs\04.forms.spec.ts:38:3 вЂє forms вЂє search input has correct aria label (374ms)
  -  30 [chromium] вЂє e2e\specs\05.session.spec.ts:7:3 вЂє session вЂє placeholder
  -  31 [chromium] вЂє e2e\specs\06.permissions.spec.ts:7:3 вЂє permissions вЂє placeholder
  -  32 [chromium] вЂє e2e\specs\07.checkout.spec.ts:7:3 вЂє checkout вЂє placeholder
  ok 33 [chromium] вЂє e2e\specs\08.console.spec.ts:16:3 вЂє console + network health вЂє no uncaught JS errors on home load (909ms)
  ok 34 [chromium] вЂє e2e\specs\08.console.spec.ts:26:3 вЂє console + network health вЂє no 500 responses on home load (888ms)
  ok 35 [chromium] вЂє e2e\specs\08.console.spec.ts:38:3 вЂє console + network health вЂє runs API returns 200 (120ms)


  1) [chromium] вЂє e2e\specs\00.smoke.spec.ts:5:3 вЂє smoke вЂє app loads with 200 в”Ђв”Ђв”Ђв”Ђв”Ђв”Ђв”Ђв”Ђв”Ђв”Ђв”Ђв”Ђв”Ђв”Ђв”Ђв”Ђв”Ђв”Ђв”Ђв”Ђв”Ђв”Ђ

    [31mTest timeout of 30000ms exceeded.[39m

    Error: page.goto: net::ERR_ABORTED; maybe frame was detached?
    Call log:
    [2m  - navigating to "http://localhost:3004/", waiting until "load"[22m


      4 | test.describe('smoke', () => {
      5 |   test('app loads with 200', async ({ page }) => {
    > 6 |     const res = await page.goto(APP_CONTRACT.routes.root)
        |                            ^
      7 |     expect(res?.status()).toBe(200)
      8 |   })
      9 |
        at C:\DEV\denovoai\e2e\specs\00.smoke.spec.ts:6:28

  2) [chromium] вЂє e2e\specs\00.smoke.spec.ts:10:3 вЂє smoke вЂє page has title в”Ђв”Ђв”Ђв”Ђв”Ђв”Ђв”Ђв”Ђв”Ђв”Ђв”Ђв”Ђв”Ђв”Ђв”Ђв”Ђв”Ђв”Ђв”Ђв”Ђв”Ђв”Ђв”Ђв”Ђв”Ђ

    [31mTest timeout of 30000ms exceeded.[39m

    Error: page.goto: net::ERR_ABORTED; maybe frame was detached?
    Call log:
    [2m  - navigating to "http://localhost:3004/", waiting until "load"[22m


       9 |
      10 |   test('page has title', async ({ page }) => {
    > 11 |     await page.goto(APP_CONTRACT.routes.root)
         |                ^
      12 |     const title = await page.title()
      13 |     expect(title.length).toBeGreaterThan(0)
      14 |   })
        at C:\DEV\denovoai\e2e\specs\00.smoke.spec.ts:11:16

  3) [chromium] вЂє e2e\specs\00.smoke.spec.ts:16:3 вЂє smoke вЂє app-root is present в”Ђв”Ђв”Ђв”Ђв”Ђв”Ђв”Ђв”Ђв”Ђв”Ђв”Ђв”Ђв”Ђв”Ђв”Ђв”Ђв”Ђв”Ђв”Ђв”Ђ

    [31mTest timeout of 30000ms exceeded.[39m

    Error: page.goto: net::ERR_ABORTED; maybe frame was detached?
    Call log:
    [2m  - navigating to "http://localhost:3004/", waiting until "load"[22m


      15 |
      16 |   test('app-root is present', async ({ page }) => {
    > 17 |     await page.goto(APP_CONTRACT.routes.root)
         |                ^
      18 |     await expect(page.getByTestId(APP_CONTRACT.testIds.appRoot)).toBeVisible()
      19 |   })
      20 |
        at C:\DEV\denovoai\e2e\specs\00.smoke.spec.ts:17:16

  4) [chromium] вЂє e2e\specs\00.smoke.spec.ts:21:3 вЂє smoke вЂє hero heading is visible в”Ђв”Ђв”Ђв”Ђв”Ђв”Ђв”Ђв”Ђв”Ђв”Ђв”Ђв”Ђв”Ђв”Ђв”Ђв”Ђ

    [31mTest timeout of 30000ms exceeded.[39m

    Error: page.goto: net::ERR_ABORTED; maybe frame was detached?
    Call log:
    [2m  - navigating to "http://localhost:3004/", waiting until "load"[22m


      20 |
      21 |   test('hero heading is visible', async ({ page }) => {
    > 22 |     await page.goto(APP_CONTRACT.routes.root)
         |                ^
      23 |     await expect(page.getByTestId(APP_CONTRACT.testIds.heroHeading)).toBeVisible()
      24 |     await expect(page.getByTestId(APP_CONTRACT.testIds.heroHeading)).toContainText('Denovo AI')
      25 |   })
        at C:\DEV\denovoai\e2e\specs\00.smoke.spec.ts:22:16

  5) [chromium] вЂє e2e\specs\02.dashboard.spec.ts:9:3 вЂє dashboard / home вЂє home page renders with app-root 

    [31mTest timeout of 30000ms exceeded while running "beforeEach" hook.[39m

      3 |
      4 | test.describe('dashboard / home', () => {
    > 5 |   test.beforeEach(async ({ page }) => {
        |        ^
      6 |     await page.goto(APP_CONTRACT.routes.root)
      7 |   })
      8 |
        at C:\DEV\denovoai\e2e\specs\02.dashboard.spec.ts:5:8

    Error: page.goto: net::ERR_ABORTED; maybe frame was detached?
    Call log:
    [2m  - navigating to "http://localhost:3004/", waiting until "load"[22m


      4 | test.describe('dashboard / home', () => {
      5 |   test.beforeEach(async ({ page }) => {
    > 6 |     await page.goto(APP_CONTRACT.routes.root)
        |                ^
      7 |   })
      8 |
      9 |   test('home page renders with app-root', async ({ page }) => {
        at C:\DEV\denovoai\e2e\specs\02.dashboard.spec.ts:6:16

  6) [chromium] вЂє e2e\specs\02.dashboard.spec.ts:13:3 вЂє dashboard / home вЂє feature cards section is visible 

    Error: page.goto: net::ERR_CONNECTION_RESET at http://localhost:3004/
    Call log:
    [2m  - navigating to "http://localhost:3004/", waiting until "load"[22m


      4 | test.describe('dashboard / home', () => {
      5 |   test.beforeEach(async ({ page }) => {
    > 6 |     await page.goto(APP_CONTRACT.routes.root)
        |                ^
      7 |   })
      8 |
      9 |   test('home page renders with app-root', async ({ page }) => {
        at C:\DEV\denovoai\e2e\specs\02.dashboard.spec.ts:6:16

    attachment #1: screenshot (image/png) в”Ђв”Ђв”Ђв”Ђв”Ђв”Ђв”Ђв”Ђв”Ђв”Ђв”Ђв”Ђв”Ђв”Ђв”Ђв”Ђв”Ђв”Ђв”Ђв”Ђв”Ђв”Ђв”Ђв”Ђв”Ђв”Ђв”Ђв”Ђв”Ђв”Ђв”Ђв”Ђв”Ђв”Ђв”Ђв”Ђв”Ђв”Ђв”Ђв”Ђв”Ђв”Ђв”Ђв”Ђв”Ђв”Ђв”Ђв”Ђв”Ђв”Ђв”Ђв”Ђв”Ђв”Ђв”Ђв”Ђв”Ђв”Ђ
    test-results\02.dashboard-dashboard-home-feature-cards-section-is-visible-chromium\test-failed-1.png
    в”Ђв”Ђв”Ђв”Ђв”Ђв”Ђв”Ђв”Ђв”Ђв”Ђв”Ђв”Ђв”Ђв”Ђв”Ђв”Ђв”Ђв”Ђв”Ђв”Ђв”Ђв”Ђв”Ђв”Ђв”Ђв”Ђв”Ђв”Ђв”Ђв”Ђв”Ђв”Ђв”Ђв”Ђв”Ђв”Ђв”Ђв”Ђв”Ђв”Ђв”Ђв”Ђв”Ђв”Ђв”Ђв”Ђв”Ђв”Ђв”Ђв”Ђв”Ђв”Ђв”Ђв”Ђв”Ђв”Ђв”Ђв”Ђв”Ђв”Ђв”Ђв”Ђв”Ђв”Ђв”Ђв”Ђв”Ђв”Ђв”Ђв”Ђв”Ђв”Ђв”Ђв”Ђв”Ђв”Ђв”Ђв”Ђв”Ђв”Ђв”Ђв”Ђв”Ђв”Ђв”Ђв”Ђв”Ђв”Ђв”Ђв”Ђв”Ђв”Ђв”Ђв”Ђв”Ђв”Ђ

  7) [chromium] вЂє e2e\specs\02.dashboard.spec.ts:17:3 вЂє dashboard / home вЂє AI Development card is present 

    Error: page.goto: net::ERR_CONNECTION_REFUSED at http://localhost:3004/
    Call log:
    [2m  - navigating to "http://localhost:3004/", waiting until "load"[22m


      4 | test.describe('dashboard / home', () => {
      5 |   test.beforeEach(async ({ page }) => {
    > 6 |     await page.goto(APP_CONTRACT.routes.root)
        |                ^
      7 |   })
      8 |
      9 |   test('home page renders with app-root', async ({ page }) => {
        at C:\DEV\denovoai\e2e\specs\02.dashboard.spec.ts:6:16

    attachment #1: screenshot (image/png) в”Ђв”Ђв”Ђв”Ђв”Ђв”Ђв”Ђв”Ђв”Ђв”Ђв”Ђв”Ђв”Ђв”Ђв”Ђв”Ђв”Ђв”Ђв”Ђв”Ђв”Ђв”Ђв”Ђв”Ђв”Ђв”Ђв”Ђв”Ђв”Ђв”Ђв”Ђв”Ђв”Ђв”Ђв”Ђв”Ђв”Ђв”Ђв”Ђв”Ђв”Ђв”Ђв”Ђв”Ђв”Ђв”Ђв”Ђв”Ђв”Ђв”Ђв”Ђв”Ђв”Ђв”Ђв”Ђв”Ђв”Ђв”Ђ
    test-results\02.dashboard-dashboard-home-AI-Development-card-is-present-chromium\test-failed-1.png
    в”Ђв”Ђв”Ђв”Ђв”Ђв”Ђв”Ђв”Ђв”Ђв”Ђв”Ђв”Ђв”Ђв”Ђв”Ђв”Ђв”Ђв”Ђв”Ђв”Ђв”Ђв”Ђв”Ђв”Ђв”Ђв”Ђв”Ђв”Ђв”Ђв”Ђв”Ђв”Ђв”Ђв”Ђв”Ђв”Ђв”Ђв”Ђв”Ђв”Ђв”Ђв”Ђв”Ђв”Ђв”Ђв”Ђв”Ђв”Ђв”Ђв”Ђв”Ђв”Ђв”Ђв”Ђв”Ђв”Ђв”Ђв”Ђв”Ђв”Ђв”Ђв”Ђв”Ђв”Ђв”Ђв”Ђв”Ђв”Ђв”Ђв”Ђв”Ђв”Ђв”Ђв”Ђв”Ђв”Ђв”Ђв”Ђв”Ђв”Ђв”Ђв”Ђв”Ђв”Ђв”Ђв”Ђв”Ђв”Ђв”Ђв”Ђв”Ђв”Ђв”Ђв”Ђв”Ђв”Ђ

  8) [chromium] вЂє e2e\specs\02.dashboard.spec.ts:21:3 вЂє dashboard / home вЂє Smart Templates card is present 

    Error: page.goto: net::ERR_CONNECTION_REFUSED at http://localhost:3004/
    Call log:
    [2m  - navigating to "http://localhost:3004/", waiting until "load"[22m


      4 | test.describe('dashboard / home', () => {
      5 |   test.beforeEach(async ({ page }) => {
    > 6 |     await page.goto(APP_CONTRACT.routes.root)
        |                ^
      7 |   })
      8 |
      9 |   test('home page renders with app-root', async ({ page }) => {
        at C:\DEV\denovoai\e2e\specs\02.dashboard.spec.ts:6:16

    attachment #1: screenshot (image/png) в”Ђв”Ђв”Ђв”Ђв”Ђв”Ђв”Ђв”Ђв”Ђв”Ђв”Ђв”Ђв”Ђв”Ђв”Ђв”Ђв”Ђв”Ђв”Ђв”Ђв”Ђв”Ђв”Ђв”Ђв”Ђв”Ђв”Ђв”Ђв”Ђв”Ђв”Ђв”Ђв”Ђв”Ђв”Ђв”Ђв”Ђв”Ђв”Ђв”Ђв”Ђв”Ђв”Ђв”Ђв”Ђв”Ђв”Ђв”Ђв”Ђв”Ђв”Ђв”Ђв”Ђв”Ђв”Ђв”Ђв”Ђв”Ђ
    test-results\02.dashboard-dashboard-home-Smart-Templates-card-is-present-chromium\test-failed-1.png
    в”Ђв”Ђв”Ђв”Ђв”Ђв”Ђв”Ђв”Ђв”Ђв”Ђв”Ђв”Ђв”Ђв”Ђв”Ђв”Ђв”Ђв”Ђв”Ђв”Ђв”Ђв”Ђв”Ђв”Ђв”Ђв”Ђв”Ђв”Ђв”Ђв”Ђв”Ђв”Ђв”Ђв”Ђв”Ђв”Ђв”Ђв”Ђв”Ђв”Ђв”Ђв”Ђв”Ђв”Ђв”Ђв”Ђв”Ђв”Ђв”Ђв”Ђв”Ђв”Ђв”Ђв”Ђв”Ђв”Ђв”Ђв”Ђв”Ђв”Ђв”Ђв”Ђв”Ђв”Ђв”Ђв”Ђв”Ђв”Ђв”Ђв”Ђв”Ђв”Ђв”Ђв”Ђв”Ђв”Ђв”Ђв”Ђв”Ђв”Ђв”Ђв”Ђв”Ђв”Ђв”Ђв”Ђв”Ђв”Ђв”Ђв”Ђв”Ђв”Ђв”Ђв”Ђв”Ђв”Ђ

  9) [chromium] вЂє e2e\specs\02.dashboard.spec.ts:25:3 вЂє dashboard / home вЂє Orchestration card is present 

    Error: page.goto: net::ERR_CONNECTION_REFUSED at http://localhost:3004/
    Call log:
    [2m  - navigating to "http://localhost:3004/", waiting until "load"[22m


      4 | test.describe('dashboard / home', () => {
      5 |   test.beforeEach(async ({ page }) => {
    > 6 |     await page.goto(APP_CONTRACT.routes.root)
        |                ^
      7 |   })
      8 |
      9 |   test('home page renders with app-root', async ({ page }) => {
        at C:\DEV\denovoai\e2e\specs\02.dashboard.spec.ts:6:16

    attachment #1: screenshot (image/png) в”Ђв”Ђв”Ђв”Ђв”Ђв”Ђв”Ђв”Ђв”Ђв”Ђв”Ђв”Ђв”Ђв”Ђв”Ђв”Ђв”Ђв”Ђв”Ђв”Ђв”Ђв”Ђв”Ђв”Ђв”Ђв”Ђв”Ђв”Ђв”Ђв”Ђв”Ђв”Ђв”Ђв”Ђв”Ђв”Ђв”Ђв”Ђв”Ђв”Ђв”Ђв”Ђв”Ђв”Ђв”Ђв”Ђв”Ђв”Ђв”Ђв”Ђв”Ђв”Ђв”Ђв”Ђв”Ђв”Ђв”Ђв”Ђ
    test-results\02.dashboard-dashboard-home-Orchestration-card-is-present-chromium\test-failed-1.png
    в”Ђв”Ђв”Ђв”Ђв”Ђв”Ђв”Ђв”Ђв”Ђв”Ђв”Ђв”Ђв”Ђв”Ђв”Ђв”Ђв”Ђв”Ђв”Ђв”Ђв”Ђв”Ђв”Ђв”Ђв”Ђв”Ђв”Ђв”Ђв”Ђв”Ђв”Ђв”Ђв”Ђв”Ђв”Ђв”Ђв”Ђв”Ђв”Ђв”Ђв”Ђв”Ђв”Ђв”Ђв”Ђв”Ђв”Ђв”Ђв”Ђв”Ђв”Ђв”Ђв”Ђв”Ђв”Ђв”Ђв”Ђв”Ђв”Ђв”Ђв”Ђв”Ђв”Ђв”Ђв”Ђв”Ђв”Ђв”Ђв”Ђв”Ђв”Ђв”Ђв”Ђв”Ђв”Ђв”Ђв”Ђв”Ђв”Ђв”Ђв”Ђв”Ђв”Ђв”Ђв”Ђв”Ђв”Ђв”Ђв”Ђв”Ђв”Ђв”Ђв”Ђв”Ђв”Ђв”Ђ

  10) [chromium] вЂє e2e\specs\02.dashboard.spec.ts:29:3 вЂє dashboard / home вЂє Module Engine card is present 

    Error: page.goto: net::ERR_CONNECTION_REFUSED at http://localhost:3004/
    Call log:
    [2m  - navigating to "http://localhost:3004/", waiting until "load"[22m


      4 | test.describe('dashboard / home', () => {
      5 |   test.beforeEach(async ({ page }) => {
    > 6 |     await page.goto(APP_CONTRACT.routes.root)
        |                ^
      7 |   })
      8 |
      9 |   test('home page renders with app-root', async ({ page }) => {
        at C:\DEV\denovoai\e2e\specs\02.dashboard.spec.ts:6:16

    attachment #1: screenshot (image/png) в”Ђв”Ђв”Ђв”Ђв”Ђв”Ђв”Ђв”Ђв”Ђв”Ђв”Ђв”Ђв”Ђв”Ђв”Ђв”Ђв”Ђв”Ђв”Ђв”Ђв”Ђв”Ђв”Ђв”Ђв”Ђв”Ђв”Ђв”Ђв”Ђв”Ђв”Ђв”Ђв”Ђв”Ђв”Ђв”Ђв”Ђв”Ђв”Ђв”Ђв”Ђв”Ђв”Ђв”Ђв”Ђв”Ђв”Ђв”Ђв”Ђв”Ђв”Ђв”Ђв”Ђв”Ђв”Ђв”Ђв”Ђв”Ђ
    test-results\02.dashboard-dashboard-home-Module-Engine-card-is-present-chromium\test-failed-1.png
    в”Ђв”Ђв”Ђв”Ђв”Ђв”Ђв”Ђв”Ђв”Ђв”Ђв”Ђв”Ђв”Ђв”Ђв”Ђв”Ђв”Ђв”Ђв”Ђв”Ђв”Ђв”Ђв”Ђв”Ђв”Ђв”Ђв”Ђв”Ђв”Ђв”Ђв”Ђв”Ђв”Ђв”Ђв”Ђв”Ђв”Ђв”Ђв”Ђв”Ђв”Ђв”Ђв”Ђв”Ђв”Ђв”Ђв”Ђв”Ђв”Ђв”Ђв”Ђв”Ђв”Ђв”Ђв”Ђв”Ђв”Ђв”Ђв”Ђв”Ђв”Ђв”Ђв”Ђв”Ђв”Ђв”Ђв”Ђв”Ђв”Ђв”Ђв”Ђв”Ђв”Ђв”Ђв”Ђв”Ђв”Ђв”Ђв”Ђв”Ђв”Ђв”Ђв”Ђв”Ђв”Ђв”Ђв”Ђв”Ђв”Ђв”Ђв”Ђв”Ђв”Ђв”Ђв”Ђв”Ђ

  11) [chromium] вЂє e2e\specs\02.dashboard.spec.ts:33:3 вЂє dashboard / home вЂє primary-list section renders 

    Error: page.goto: net::ERR_CONNECTION_REFUSED at http://localhost:3004/
    Call log:
    [2m  - navigating to "http://localhost:3004/", waiting until "load"[22m


      4 | test.describe('dashboard / home', () => {
      5 |   test.beforeEach(async ({ page }) => {
    > 6 |     await page.goto(APP_CONTRACT.routes.root)
        |                ^
      7 |   })
      8 |
      9 |   test('home page renders with app-root', async ({ page }) => {
        at C:\DEV\denovoai\e2e\specs\02.dashboard.spec.ts:6:16

    attachment #1: screenshot (image/png) в”Ђв”Ђв”Ђв”Ђв”Ђв”Ђв”Ђв”Ђв”Ђв”Ђв”Ђв”Ђв”Ђв”Ђв”Ђв”Ђв”Ђв”Ђв”Ђв”Ђв”Ђв”Ђв”Ђв”Ђв”Ђв”Ђв”Ђв”Ђв”Ђв”Ђв”Ђв”Ђв”Ђв”Ђв”Ђв”Ђв”Ђв”Ђв”Ђв”Ђв”Ђв”Ђв”Ђв”Ђв”Ђв”Ђв”Ђв”Ђв”Ђв”Ђв”Ђв”Ђв”Ђв”Ђв”Ђв”Ђв”Ђв”Ђ
    test-results\02.dashboard-dashboard-home-primary-list-section-renders-chromium\test-failed-1.png
    в”Ђв”Ђв”Ђв”Ђв”Ђв”Ђв”Ђв”Ђв”Ђв”Ђв”Ђв”Ђв”Ђв”Ђв”Ђв”Ђв”Ђв”Ђв”Ђв”Ђв”Ђв”Ђв”Ђв”Ђв”Ђв”Ђв”Ђв”Ђв”Ђв”Ђв”Ђв”Ђв”Ђв”Ђв”Ђв”Ђв”Ђв”Ђв”Ђв”Ђв”Ђв”Ђв”Ђв”Ђв”Ђв”Ђв”Ђв”Ђв”Ђв”Ђв”Ђв”Ђв”Ђв”Ђв”Ђв”Ђв”Ђв”Ђв”Ђв”Ђв”Ђв”Ђв”Ђв”Ђв”Ђв”Ђв”Ђв”Ђв”Ђв”Ђв”Ђв”Ђв”Ђв”Ђв”Ђв”Ђв”Ђв”Ђв”Ђв”Ђв”Ђв”Ђв”Ђв”Ђв”Ђв”Ђв”Ђв”Ђв”Ђв”Ђв”Ђв”Ђв”Ђв”Ђв”Ђв”Ђ

  12) [chromium] вЂє e2e\specs\02.dashboard.spec.ts:37:3 вЂє dashboard / home вЂє create-primary button is present 

    Error: page.goto: net::ERR_CONNECTION_REFUSED at http://localhost:3004/
    Call log:
    [2m  - navigating to "http://localhost:3004/", waiting until "load"[22m


      4 | test.describe('dashboard / home', () => {
      5 |   test.beforeEach(async ({ page }) => {
    > 6 |     await page.goto(APP_CONTRACT.routes.root)
        |                ^
      7 |   })
      8 |
      9 |   test('home page renders with app-root', async ({ page }) => {
        at C:\DEV\denovoai\e2e\specs\02.dashboard.spec.ts:6:16

    attachment #1: screenshot (image/png) в”Ђв”Ђв”Ђв”Ђв”Ђв”Ђв”Ђв”Ђв”Ђв”Ђв”Ђв”Ђв”Ђв”Ђв”Ђв”Ђв”Ђв”Ђв”Ђв”Ђв”Ђв”Ђв”Ђв”Ђв”Ђв”Ђв”Ђв”Ђв”Ђв”Ђв”Ђв”Ђв”Ђв”Ђв”Ђв”Ђв”Ђв”Ђв”Ђв”Ђв”Ђв”Ђв”Ђв”Ђв”Ђв”Ђв”Ђв”Ђв”Ђв”Ђв”Ђв”Ђв”Ђв”Ђв”Ђв”Ђв”Ђв”Ђ
    test-results\02.dashboard-dashboard-home-create-primary-button-is-present-chromium\test-failed-1.png
    в”Ђв”Ђв”Ђв”Ђв”Ђв”Ђв”Ђв”Ђв”Ђв”Ђв”Ђв”Ђв”Ђв”Ђв”Ђв”Ђв”Ђв”Ђв”Ђв”Ђв”Ђв”Ђв”Ђв”Ђв”Ђв”Ђв”Ђв”Ђв”Ђв”Ђв”Ђв”Ђв”Ђв”Ђв”Ђв”Ђв”Ђв”Ђв”Ђв”Ђв”Ђв”Ђв”Ђв”Ђв”Ђв”Ђв”Ђв”Ђв”Ђв”Ђв”Ђв”Ђв”Ђв”Ђв”Ђв”Ђв”Ђв”Ђв”Ђв”Ђв”Ђв”Ђв”Ђв”Ђв”Ђв”Ђв”Ђв”Ђв”Ђв”Ђв”Ђв”Ђв”Ђв”Ђв”Ђв”Ђв”Ђв”Ђв”Ђв”Ђв”Ђв”Ђв”Ђв”Ђв”Ђв”Ђв”Ђв”Ђв”Ђв”Ђв”Ђв”Ђв”Ђв”Ђв”Ђв”Ђ

  13) [chromium] вЂє e2e\specs\02.dashboard.spec.ts:41:3 вЂє dashboard / home вЂє search-primary input is present 

    Error: page.goto: net::ERR_CONNECTION_REFUSED at http://localhost:3004/
    Call log:
    [2m  - navigating to "http://localhost:3004/", waiting until "load"[22m


      4 | test.describe('dashboard / home', () => {
      5 |   test.beforeEach(async ({ page }) => {
    > 6 |     await page.goto(APP_CONTRACT.routes.root)
        |                ^
      7 |   })
      8 |
      9 |   test('home page renders with app-root', async ({ page }) => {
        at C:\DEV\denovoai\e2e\specs\02.dashboard.spec.ts:6:16

    attachment #1: screenshot (image/png) в”Ђв”Ђв”Ђв”Ђв”Ђв”Ђв”Ђв”Ђв”Ђв”Ђв”Ђв”Ђв”Ђв”Ђв”Ђв”Ђв”Ђв”Ђв”Ђв”Ђв”Ђв”Ђв”Ђв”Ђв”Ђв”Ђв”Ђв”Ђв”Ђв”Ђв”Ђв”Ђв”Ђв”Ђв”Ђв”Ђв”Ђв”Ђв”Ђв”Ђв”Ђв”Ђв”Ђв”Ђв”Ђв”Ђв”Ђв”Ђв”Ђв”Ђв”Ђв”Ђв”Ђв”Ђв”Ђв”Ђв”Ђв”Ђ
    test-results\02.dashboard-dashboard-home-search-primary-input-is-present-chromium\test-failed-1.png
    в”Ђв”Ђв”Ђв”Ђв”Ђв”Ђв”Ђв”Ђв”Ђв”Ђв”Ђв”Ђв”Ђв”Ђв”Ђв”Ђв”Ђв”Ђв”Ђв”Ђв”Ђв”Ђв”Ђв”Ђв”Ђв”Ђв”Ђв”Ђв”Ђв”Ђв”Ђв”Ђв”Ђв”Ђв”Ђв”Ђв”Ђв”Ђв”Ђв”Ђв”Ђв”Ђв”Ђв”Ђв”Ђв”Ђв”Ђв”Ђв”Ђв”Ђв”Ђв”Ђв”Ђв”Ђв”Ђв”Ђв”Ђв”Ђв”Ђв”Ђв”Ђв”Ђв”Ђв”Ђв”Ђв”Ђв”Ђв”Ђв”Ђв”Ђв”Ђв”Ђв”Ђв”Ђв”Ђв”Ђв”Ђв”Ђв”Ђв”Ђв”Ђв”Ђв”Ђв”Ђв”Ђв”Ђв”Ђв”Ђв”Ђв”Ђв”Ђв”Ђв”Ђв”Ђв”Ђв”Ђ

  14) [chromium] вЂє e2e\specs\02.dashboard.spec.ts:45:3 вЂє dashboard / home вЂє Recent Runs heading is visible 

    Error: [2mexpect([22m[31mlocator[39m[2m).[22mtoBeVisible[2m([22m[2m)[22m failed

    Locator: getByRole('heading', { name: 'Recent Runs' })
    Expected: visible
    Timeout: 5000ms
    Error: element(s) not found

    Call log:
    [2m  - Expect "toBeVisible" with timeout 5000ms[22m
    [2m  - waiting for getByRole('heading', { name: 'Recent Runs' })[22m


      44 |
      45 |   test('Recent Runs heading is visible', async ({ page }) => {
    > 46 |     await expect(page.getByRole('heading', { name: 'Recent Runs' })).toBeVisible()
         |                                                                      ^
      47 |   })
      48 | })
      49 |
        at C:\DEV\denovoai\e2e\specs\02.dashboard.spec.ts:46:70

    attachment #1: screenshot (image/png) в”Ђв”Ђв”Ђв”Ђв”Ђв”Ђв”Ђв”Ђв”Ђв”Ђв”Ђв”Ђв”Ђв”Ђв”Ђв”Ђв”Ђв”Ђв”Ђв”Ђв”Ђв”Ђв”Ђв”Ђв”Ђв”Ђв”Ђв”Ђв”Ђв”Ђв”Ђв”Ђв”Ђв”Ђв”Ђв”Ђв”Ђв”Ђв”Ђв”Ђв”Ђв”Ђв”Ђв”Ђв”Ђв”Ђв”Ђв”Ђв”Ђв”Ђв”Ђв”Ђв”Ђв”Ђв”Ђв”Ђв”Ђв”Ђ
    test-results\02.dashboard-dashboard-home-Recent-Runs-heading-is-visible-chromium\test-failed-1.png
    в”Ђв”Ђв”Ђв”Ђв”Ђв”Ђв”Ђв”Ђв”Ђв”Ђв”Ђв”Ђв”Ђв”Ђв”Ђв”Ђв”Ђв”Ђв”Ђв”Ђв”Ђв”Ђв”Ђв”Ђв”Ђв”Ђв”Ђв”Ђв”Ђв”Ђв”Ђв”Ђв”Ђв”Ђв”Ђв”Ђв”Ђв”Ђв”Ђв”Ђв”Ђв”Ђв”Ђв”Ђв”Ђв”Ђв”Ђв”Ђв”Ђв”Ђв”Ђв”Ђв”Ђв”Ђв”Ђв”Ђв”Ђв”Ђв”Ђв”Ђв”Ђв”Ђв”Ђв”Ђв”Ђв”Ђв”Ђв”Ђв”Ђв”Ђв”Ђв”Ђв”Ђв”Ђв”Ђв”Ђв”Ђв”Ђв”Ђв”Ђв”Ђв”Ђв”Ђв”Ђв”Ђв”Ђв”Ђв”Ђв”Ђв”Ђв”Ђв”Ђв”Ђв”Ђв”Ђв”Ђ

    Error Context: test-results\02.dashboard-dashboard-home-Recent-Runs-heading-is-visible-chromium\error-context.md

  15) [chromium] вЂє e2e\specs\03.crud.spec.ts:9:3 вЂє crud вЂ” runs вЂє primary-list is present on home в”Ђв”Ђв”Ђ

    Error: [2mexpect([22m[31mlocator[39m[2m).[22mtoBeVisible[2m([22m[2m)[22m failed

    Locator: getByTestId('primary-list')
    Expected: visible
    Timeout: 5000ms
    Error: element(s) not found

    Call log:
    [2m  - Expect "toBeVisible" with timeout 5000ms[22m
    [2m  - waiting for getByTestId('primary-list')[22m


       8 |
       9 |   test('primary-list is present on home', async ({ page }) => {
    > 10 |     await expect(page.getByTestId(APP_CONTRACT.testIds.primaryList)).toBeVisible()
         |                                                                      ^
      11 |   })
      12 |
      13 |   test('create-primary button is visible', async ({ page }) => {
        at C:\DEV\denovoai\e2e\specs\03.crud.spec.ts:10:70

    attachment #1: screenshot (image/png) в”Ђв”Ђв”Ђв”Ђв”Ђв”Ђв”Ђв”Ђв”Ђв”Ђв”Ђв”Ђв”Ђв”Ђв”Ђв”Ђв”Ђв”Ђв”Ђв”Ђв”Ђв”Ђв”Ђв”Ђв”Ђв”Ђв”Ђв”Ђв”Ђв”Ђв”Ђв”Ђв”Ђв”Ђв”Ђв”Ђв”Ђв”Ђв”Ђв”Ђв”Ђв”Ђв”Ђв”Ђв”Ђв”Ђв”Ђв”Ђв”Ђв”Ђв”Ђв”Ђв”Ђв”Ђв”Ђв”Ђв”Ђв”Ђ
    test-results\03.crud-crud-вЂ”-runs-primary-list-is-present-on-home-chromium\test-failed-1.png
    в”Ђв”Ђв”Ђв”Ђв”Ђв”Ђв”Ђв”Ђв”Ђв”Ђв”Ђв”Ђв”Ђв”Ђв”Ђв”Ђв”Ђв”Ђв”Ђв”Ђв”Ђв”Ђв”Ђв”Ђв”Ђв”Ђв”Ђв”Ђв”Ђв”Ђв”Ђв”Ђв”Ђв”Ђв”Ђв”Ђв”Ђв”Ђв”Ђв”Ђв”Ђв”Ђв”Ђв”Ђв”Ђв”Ђв”Ђв”Ђв”Ђв”Ђв”Ђв”Ђв”Ђв”Ђв”Ђв”Ђв”Ђв”Ђв”Ђв”Ђв”Ђв”Ђв”Ђв”Ђв”Ђв”Ђв”Ђв”Ђв”Ђв”Ђв”Ђв”Ђв”Ђв”Ђв”Ђв”Ђв”Ђв”Ђв”Ђв”Ђв”Ђв”Ђв”Ђв”Ђв”Ђв”Ђв”Ђв”Ђв”Ђв”Ђв”Ђв”Ђв”Ђв”Ђв”Ђв”Ђ

    Error Context: test-results\03.crud-crud-вЂ”-runs-primary-list-is-present-on-home-chromium\error-context.md

  16) [chromium] вЂє e2e\specs\03.crud.spec.ts:13:3 вЂє crud вЂ” runs вЂє create-primary button is visible в”Ђ

    Error: [2mexpect([22m[31mlocator[39m[2m).[22mtoBeVisible[2m([22m[2m)[22m failed

    Locator: getByTestId('create-primary')
    Expected: visible
    Timeout: 5000ms
    Error: element(s) not found

    Call log:
    [2m  - Expect "toBeVisible" with timeout 5000ms[22m
    [2m  - waiting for getByTestId('create-primary')[22m


      12 |
      13 |   test('create-primary button is visible', async ({ page }) => {
    > 14 |     await expect(page.getByTestId(APP_CONTRACT.testIds.createPrimary)).toBeVisible()
         |                                                                        ^
      15 |   })
      16 |
      17 |   test('create-primary is disabled when prompt is empty', async ({ page }) => {
        at C:\DEV\denovoai\e2e\specs\03.crud.spec.ts:14:72

    attachment #1: screenshot (image/png) в”Ђв”Ђв”Ђв”Ђв”Ђв”Ђв”Ђв”Ђв”Ђв”Ђв”Ђв”Ђв”Ђв”Ђв”Ђв”Ђв”Ђв”Ђв”Ђв”Ђв”Ђв”Ђв”Ђв”Ђв”Ђв”Ђв”Ђв”Ђв”Ђв”Ђв”Ђв”Ђв”Ђв”Ђв”Ђв”Ђв”Ђв”Ђв”Ђв”Ђв”Ђв”Ђв”Ђв”Ђв”Ђв”Ђв”Ђв”Ђв”Ђв”Ђв”Ђв”Ђв”Ђв”Ђв”Ђв”Ђв”Ђв”Ђ
    test-results\03.crud-crud-вЂ”-runs-create-primary-button-is-visible-chromium\test-failed-1.png
    в”Ђв”Ђв”Ђв”Ђв”Ђв”Ђв”Ђв”Ђв”Ђв”Ђв”Ђв”Ђв”Ђв”Ђв”Ђв”Ђв”Ђв”Ђв”Ђв”Ђв”Ђв”Ђв”Ђв”Ђв”Ђв”Ђв”Ђв”Ђв”Ђв”Ђв”Ђв”Ђв”Ђв”Ђв”Ђв”Ђв”Ђв”Ђв”Ђв”Ђв”Ђв”Ђв”Ђв”Ђв”Ђв”Ђв”Ђв”Ђв”Ђв”Ђв”Ђв”Ђв”Ђв”Ђв”Ђв”Ђв”Ђв”Ђв”Ђв”Ђв”Ђв”Ђв”Ђв”Ђв”Ђв”Ђв”Ђв”Ђв”Ђв”Ђв”Ђв”Ђв”Ђв”Ђв”Ђв”Ђв”Ђв”Ђв”Ђв”Ђв”Ђв”Ђв”Ђв”Ђв”Ђв”Ђв”Ђв”Ђв”Ђв”Ђв”Ђв”Ђв”Ђв”Ђв”Ђв”Ђ

    Error Context: test-results\03.crud-crud-вЂ”-runs-create-primary-button-is-visible-chromium\error-context.md

  17) [chromium] вЂє e2e\specs\03.crud.spec.ts:17:3 вЂє crud вЂ” runs вЂє create-primary is disabled when prompt is empty 

    Error: [2mexpect([22m[31mlocator[39m[2m).[22mtoBeDisabled[2m([22m[2m)[22m failed

    Locator: getByTestId('create-primary')
    Expected: disabled
    Timeout: 5000ms
    Error: element(s) not found

    Call log:
    [2m  - Expect "toBeDisabled" with timeout 5000ms[22m
    [2m  - waiting for getByTestId('create-primary')[22m


      16 |
      17 |   test('create-primary is disabled when prompt is empty', async ({ page }) => {
    > 18 |     await expect(page.getByTestId(APP_CONTRACT.testIds.createPrimary)).toBeDisabled()
         |                                                                        ^
      19 |   })
      20 |
      21 |   test('create-primary enables when prompt is filled', async ({ page }) => {
        at C:\DEV\denovoai\e2e\specs\03.crud.spec.ts:18:72

    attachment #1: screenshot (image/png) в”Ђв”Ђв”Ђв”Ђв”Ђв”Ђв”Ђв”Ђв”Ђв”Ђв”Ђв”Ђв”Ђв”Ђв”Ђв”Ђв”Ђв”Ђв”Ђв”Ђв”Ђв”Ђв”Ђв”Ђв”Ђв”Ђв”Ђв”Ђв”Ђв”Ђв”Ђв”Ђв”Ђв”Ђв”Ђв”Ђв”Ђв”Ђв”Ђв”Ђв”Ђв”Ђв”Ђв”Ђв”Ђв”Ђв”Ђв”Ђв”Ђв”Ђв”Ђв”Ђв”Ђв”Ђв”Ђв”Ђв”Ђв”Ђ
    test-results\03.crud-crud-вЂ”-runs-create-b80a4-sabled-when-prompt-is-empty-chromium\test-failed-1.png
    в”Ђв”Ђв”Ђв”Ђв”Ђв”Ђв”Ђв”Ђв”Ђв”Ђв”Ђв”Ђв”Ђв”Ђв”Ђв”Ђв”Ђв”Ђв”Ђв”Ђв”Ђв”Ђв”Ђв”Ђв”Ђв”Ђв”Ђв”Ђв”Ђв”Ђв”Ђв”Ђв”Ђв”Ђв”Ђв”Ђв”Ђв”Ђв”Ђв”Ђв”Ђв”Ђв”Ђв”Ђв”Ђв”Ђв”Ђв”Ђв”Ђв”Ђв”Ђв”Ђв”Ђв”Ђв”Ђв”Ђв”Ђв”Ђв”Ђв”Ђв”Ђв”Ђв”Ђв”Ђв”Ђв”Ђв”Ђв”Ђв”Ђв”Ђв”Ђв”Ђв”Ђв”Ђв”Ђв”Ђв”Ђв”Ђв”Ђв”Ђв”Ђв”Ђв”Ђв”Ђв”Ђв”Ђв”Ђв”Ђв”Ђв”Ђв”Ђв”Ђв”Ђв”Ђв”Ђв”Ђ

    Error Context: test-results\03.crud-crud-вЂ”-runs-create-b80a4-sabled-when-prompt-is-empty-chromium\error-context.md

  17 failed
    [chromium] вЂє e2e\specs\00.smoke.spec.ts:5:3 вЂє smoke вЂє app loads with 200 в”Ђв”Ђв”Ђв”Ђв”Ђв”Ђв”Ђв”Ђв”Ђв”Ђв”Ђв”Ђв”Ђв”Ђв”Ђв”Ђв”Ђв”Ђв”Ђв”Ђв”Ђв”Ђв”Ђ
    [chromium] вЂє e2e\specs\00.smoke.spec.ts:10:3 вЂє smoke вЂє page has title в”Ђв”Ђв”Ђв”Ђв”Ђв”Ђв”Ђв”Ђв”Ђв”Ђв”Ђв”Ђв”Ђв”Ђв”Ђв”Ђв”Ђв”Ђв”Ђв”Ђв”Ђв”Ђв”Ђв”Ђв”Ђв”Ђ
    [chromium] вЂє e2e\specs\00.smoke.spec.ts:16:3 вЂє smoke вЂє app-root is present в”Ђв”Ђв”Ђв”Ђв”Ђв”Ђв”Ђв”Ђв”Ђв”Ђв”Ђв”Ђв”Ђв”Ђв”Ђв”Ђв”Ђв”Ђв”Ђв”Ђв”Ђ
    [chromium] вЂє e2e\specs\00.smoke.spec.ts:21:3 вЂє smoke вЂє hero heading is visible в”Ђв”Ђв”Ђв”Ђв”Ђв”Ђв”Ђв”Ђв”Ђв”Ђв”Ђв”Ђв”Ђв”Ђв”Ђв”Ђв”Ђ
    [chromium] вЂє e2e\specs\02.dashboard.spec.ts:9:3 вЂє dashboard / home вЂє home page renders with app-root 
    [chromium] вЂє e2e\specs\02.dashboard.spec.ts:13:3 вЂє dashboard / home вЂє feature cards section is visible 
    [chromium] вЂє e2e\specs\02.dashboard.spec.ts:17:3 вЂє dashboard / home вЂє AI Development card is present 
    [chromium] вЂє e2e\specs\02.dashboard.spec.ts:21:3 вЂє dashboard / home вЂє Smart Templates card is present 
    [chromium] вЂє e2e\specs\02.dashboard.spec.ts:25:3 вЂє dashboard / home вЂє Orchestration card is present 
    [chromium] вЂє e2e\specs\02.dashboard.spec.ts:29:3 вЂє dashboard / home вЂє Module Engine card is present 
    [chromium] вЂє e2e\specs\02.dashboard.spec.ts:33:3 вЂє dashboard / home вЂє primary-list section renders 
    [chromium] вЂє e2e\specs\02.dashboard.spec.ts:37:3 вЂє dashboard / home вЂє create-primary button is present 
    [chromium] вЂє e2e\specs\02.dashboard.spec.ts:41:3 вЂє dashboard / home вЂє search-primary input is present 
    [chromium] вЂє e2e\specs\02.dashboard.spec.ts:45:3 вЂє dashboard / home вЂє Recent Runs heading is visible 
    [chromium] вЂє e2e\specs\03.crud.spec.ts:9:3 вЂє crud вЂ” runs вЂє primary-list is present on home в”Ђв”Ђв”Ђв”Ђв”Ђ
    [chromium] вЂє e2e\specs\03.crud.spec.ts:13:3 вЂє crud вЂ” runs вЂє create-primary button is visible в”Ђв”Ђв”Ђ
    [chromium] вЂє e2e\specs\03.crud.spec.ts:17:3 вЂє crud вЂ” runs вЂє create-primary is disabled when prompt is empty 
  4 skipped
  14 passed (5.7m)
