✓ Global setup: denovoai (no auth)

Running 35 tests using 1 worker

  ok  1 [chromium] › e2e\specs\00.smoke.spec.ts:5:3 › smoke › app loads with 200 (427ms)
  ok  2 [chromium] › e2e\specs\00.smoke.spec.ts:10:3 › smoke › page has title (364ms)
  ok  3 [chromium] › e2e\specs\00.smoke.spec.ts:16:3 › smoke › app-root is present (373ms)
  ok  4 [chromium] › e2e\specs\00.smoke.spec.ts:21:3 › smoke › hero heading is visible (358ms)
  -   5 [chromium] › e2e\specs\01.auth.spec.ts:7:3 › auth › placeholder
  ok  6 [chromium] › e2e\specs\02.dashboard.spec.ts:9:3 › dashboard / home › home page renders with app-root (476ms)
  ok  7 [chromium] › e2e\specs\02.dashboard.spec.ts:13:3 › dashboard / home › feature cards section is visible (373ms)
  ok  8 [chromium] › e2e\specs\02.dashboard.spec.ts:17:3 › dashboard / home › AI Development card is present (391ms)
  ok  9 [chromium] › e2e\specs\02.dashboard.spec.ts:21:3 › dashboard / home › Smart Templates card is present (395ms)
  ok 10 [chromium] › e2e\specs\02.dashboard.spec.ts:25:3 › dashboard / home › Orchestration card is present (392ms)
  ok 11 [chromium] › e2e\specs\02.dashboard.spec.ts:29:3 › dashboard / home › Module Engine card is present (394ms)
  ok 12 [chromium] › e2e\specs\02.dashboard.spec.ts:33:3 › dashboard / home › primary-list section renders (506ms)
  ok 13 [chromium] › e2e\specs\02.dashboard.spec.ts:37:3 › dashboard / home › create-primary button is present (407ms)
  ok 14 [chromium] › e2e\specs\02.dashboard.spec.ts:41:3 › dashboard / home › search-primary input is present (406ms)
  ok 15 [chromium] › e2e\specs\02.dashboard.spec.ts:45:3 › dashboard / home › Recent Runs heading is visible (384ms)
  ok 16 [chromium] › e2e\specs\03.crud.spec.ts:9:3 › crud — runs › primary-list is present on home (526ms)
  ok 17 [chromium] › e2e\specs\03.crud.spec.ts:13:3 › crud — runs › create-primary button is visible (402ms)
  ok 18 [chromium] › e2e\specs\03.crud.spec.ts:17:3 › crud — runs › create-primary is disabled when prompt is empty (403ms)
  ok 19 [chromium] › e2e\specs\03.crud.spec.ts:21:3 › crud — runs › create-primary enables when prompt is filled (403ms)
  ok 20 [chromium] › e2e\specs\03.crud.spec.ts:26:3 › crud — runs › prompt input clears after filling and clearing (401ms)
  ok 21 [chromium] › e2e\specs\03.crud.spec.ts:34:3 › crud — runs › search-primary filters the run list (383ms)
  ok 22 [chromium] › e2e\specs\03.crud.spec.ts:41:3 › crud — runs › empty state shows when no runs exist (487ms)
  ok 23 [chromium] › e2e\specs\04.forms.spec.ts:9:3 › forms › create-run-form is present (401ms)
  ok 24 [chromium] › e2e\specs\04.forms.spec.ts:13:3 › forms › run-prompt-input accepts text (400ms)
  ok 25 [chromium] › e2e\specs\04.forms.spec.ts:19:3 › forms › submit button is disabled when prompt is empty (396ms)
  ok 26 [chromium] › e2e\specs\04.forms.spec.ts:23:3 › forms › submit button is enabled when prompt is filled (466ms)
  ok 27 [chromium] › e2e\specs\04.forms.spec.ts:28:3 › forms › prompt input has correct placeholder (534ms)
  ok 28 [chromium] › e2e\specs\04.forms.spec.ts:33:3 › forms › form has correct aria label on input (430ms)
  ok 29 [chromium] › e2e\specs\04.forms.spec.ts:38:3 › forms › search input has correct aria label (418ms)
  -  30 [chromium] › e2e\specs\05.session.spec.ts:7:3 › session › placeholder
  -  31 [chromium] › e2e\specs\06.permissions.spec.ts:7:3 › permissions › placeholder
  -  32 [chromium] › e2e\specs\07.checkout.spec.ts:7:3 › checkout › placeholder
  ok 33 [chromium] › e2e\specs\08.console.spec.ts:16:3 › console + network health › no uncaught JS errors on home load (867ms)
  ok 34 [chromium] › e2e\specs\08.console.spec.ts:26:3 › console + network health › no 500 responses on home load (927ms)
  ok 35 [chromium] › e2e\specs\08.console.spec.ts:38:3 › console + network health › runs API returns 200 (124ms)

  4 skipped
  31 passed (16.6s)
EXIT_CODE=0  
