   ▲ Next.js 14.1.0
   - Local:        http://localhost:3004
   - Environments: .env.local

error This project's package.json defines "packageManager": "yarn@npm@10.5.0". However the current global version of Yarn is 1.22.22.

Presence of the "packageManager" field indicates that the project is meant to be used with Corepack, a tool included by default with all official Node.js distributions starting from 16.9 and 14.19.
Corepack must currently be enabled by running corepack enable in your terminal. For more information, check out https://yarnpkg.com/corepack.
 ✓ Ready in 2.4s
 ✓ Compiled /middleware in 204ms
 ✓ Compiled (114 modules)
 ✓ Compiled / in 273ms (264 modules)
⚠️  Node.js 18 and below are deprecated and will no longer be supported in future versions of @supabase/supabase-js. Please upgrade to Node.js 20 or later. For more information, visit: https://github.com/orgs/supabase/discussions/37217
Warning: <title> should not be used in _document.js's <Head>. https://nextjs.org/docs/messages/no-document-title
 ○ Compiling /login ...
 ✓ Compiled /login in 558ms (149 modules)
 ✓ Compiled in 1070ms (452 modules)
⚠️  Node.js 18 and below are deprecated and will no longer be supported in future versions of @supabase/supabase-js. Please upgrade to Node.js 20 or later. For more information, visit: https://github.com/orgs/supabase/discussions/37217
 ⨯ ..\node_modules\next\dist\server\app-render\rsc\preloads.js (44:22) @ preload
 ⨯ TypeError: _reactdom.default.preload is not a function
    at Array.map (<anonymous>)
    at AsyncLocalStorage.run (node:async_hooks:338:14)
null
 ⨯ ..\node_modules\next\dist\server\app-render\rsc\preloads.js (44:22) @ preload
 ⨯ TypeError: _reactdom.default.preload is not a function
    at Array.map (<anonymous>)
    at AsyncLocalStorage.run (node:async_hooks:338:14)
digest: "1541586207"
null
Warning: Invalid hook call. Hooks can only be called inside of the body of a function component. This could happen for one of the following reasons:
1. You might have mismatching versions of React and the renderer (such as React DOM)
2. You might be breaking the Rules of Hooks
3. You might have more than one copy of React in the same app
See https://reactjs.org/link/invalid-hook-call for tips about how to debug and fix this problem.
TypeError: Cannot read properties of null (reading 'useContext')
    at useContext (webpack-internal:///(ssr)/../../node_modules/react/cjs/react.development.js:1318:31)
    at usePathname (webpack-internal:///(ssr)/../../node_modules/next/dist/client/components/navigation.js:123:34)
    at ErrorBoundary (webpack-internal:///(ssr)/../../node_modules/next/dist/client/components/error-boundary.js:160:50)
    at as (C:\DEV\denovoai\node_modules\next\dist\compiled\next-server\app-page.runtime.dev.js:35:6391)
    at C:\DEV\denovoai\node_modules\next\dist\compiled\next-server\app-page.runtime.dev.js:35:11242
    at aw (C:\DEV\denovoai\node_modules\next\dist\compiled\next-server\app-page.runtime.dev.js:35:13009)
    at ak (C:\DEV\denovoai\node_modules\next\dist\compiled\next-server\app-page.runtime.dev.js:35:46552)
    at av (C:\DEV\denovoai\node_modules\next\dist\compiled\next-server\app-page.runtime.dev.js:35:7809)
    at C:\DEV\denovoai\node_modules\next\dist\compiled\next-server\app-page.runtime.dev.js:35:12972
    at aw (C:\DEV\denovoai\node_modules\next\dist\compiled\next-server\app-page.runtime.dev.js:35:13009)
    at aw (C:\DEV\denovoai\node_modules\next\dist\compiled\next-server\app-page.runtime.dev.js:35:43309)
    at ak (C:\DEV\denovoai\node_modules\next\dist\compiled\next-server\app-page.runtime.dev.js:35:46552)
    at ak (C:\DEV\denovoai\node_modules\next\dist\compiled\next-server\app-page.runtime.dev.js:35:46847)
    at av (C:\DEV\denovoai\node_modules\next\dist\compiled\next-server\app-page.runtime.dev.js:35:7809)
    at C:\DEV\denovoai\node_modules\next\dist\compiled\next-server\app-page.runtime.dev.js:35:12972
 ⨯ ..\node_modules\react\cjs\react.development.js (1618:20) @ useContext
 ⨯ TypeError: Cannot read properties of null (reading 'useContext')
    at useContext (webpack-internal:///(ssr)/../../node_modules/react/cjs/react.development.js:1318:31)
    at usePathname (webpack-internal:///(ssr)/../../node_modules/next/dist/client/components/navigation.js:123:34)
    at ErrorBoundary (webpack-internal:///(ssr)/../../node_modules/next/dist/client/components/error-boundary.js:160:50)
    at as (C:\DEV\denovoai\node_modules\next\dist\compiled\next-server\app-page.runtime.dev.js:35:6391)
    at C:\DEV\denovoai\node_modules\next\dist\compiled\next-server\app-page.runtime.dev.js:35:11242
    at aw (C:\DEV\denovoai\node_modules\next\dist\compiled\next-server\app-page.runtime.dev.js:35:13009)
    at ak (C:\DEV\denovoai\node_modules\next\dist\compiled\next-server\app-page.runtime.dev.js:35:46552)
    at av (C:\DEV\denovoai\node_modules\next\dist\compiled\next-server\app-page.runtime.dev.js:35:7809)
    at C:\DEV\denovoai\node_modules\next\dist\compiled\next-server\app-page.runtime.dev.js:35:12972
    at aw (C:\DEV\denovoai\node_modules\next\dist\compiled\next-server\app-page.runtime.dev.js:35:13009)
    at aw (C:\DEV\denovoai\node_modules\next\dist\compiled\next-server\app-page.runtime.dev.js:35:43309)
    at ak (C:\DEV\denovoai\node_modules\next\dist\compiled\next-server\app-page.runtime.dev.js:35:46552)
    at ak (C:\DEV\denovoai\node_modules\next\dist\compiled\next-server\app-page.runtime.dev.js:35:46847)
    at av (C:\DEV\denovoai\node_modules\next\dist\compiled\next-server\app-page.runtime.dev.js:35:7809)
    at C:\DEV\denovoai\node_modules\next\dist\compiled\next-server\app-page.runtime.dev.js:35:12972 {
  page: '/login'
}
null
 ✓ Compiled /_error in 117ms (857 modules)
Warning: <title> should not be used in _document.js's <Head>. https://nextjs.org/docs/messages/no-document-title
Warning: <title> should not be used in _document.js's <Head>. https://nextjs.org/docs/messages/no-document-title
⚠️  Node.js 18 and below are deprecated and will no longer be supported in future versions of @supabase/supabase-js. Please upgrade to Node.js 20 or later. For more information, visit: https://github.com/orgs/supabase/discussions/37217
 ⨯ ..\node_modules\next\dist\server\app-render\rsc\preloads.js (44:22) @ preload
 ⨯ TypeError: _reactdom.default.preload is not a function
    at Array.map (<anonymous>)
    at AsyncLocalStorage.run (node:async_hooks:338:14)
null
 ⨯ ..\node_modules\next\dist\server\app-render\rsc\preloads.js (44:22) @ preload
 ⨯ TypeError: _reactdom.default.preload is not a function
    at Array.map (<anonymous>)
    at AsyncLocalStorage.run (node:async_hooks:338:14)
digest: "1541586207"
null
Warning: Invalid hook call. Hooks can only be called inside of the body of a function component. This could happen for one of the following reasons:
1. You might have mismatching versions of React and the renderer (such as React DOM)
2. You might be breaking the Rules of Hooks
3. You might have more than one copy of React in the same app
See https://reactjs.org/link/invalid-hook-call for tips about how to debug and fix this problem.
TypeError: Cannot read properties of null (reading 'useContext')
    at useContext (webpack-internal:///(ssr)/../../node_modules/react/cjs/react.development.js:1318:31)
    at usePathname (webpack-internal:///(ssr)/../../node_modules/next/dist/client/components/navigation.js:123:34)
    at ErrorBoundary (webpack-internal:///(ssr)/../../node_modules/next/dist/client/components/error-boundary.js:160:50)
    at as (C:\DEV\denovoai\node_modules\next\dist\compiled\next-server\app-page.runtime.dev.js:35:6391)
    at C:\DEV\denovoai\node_modules\next\dist\compiled\next-server\app-page.runtime.dev.js:35:11242
    at aw (C:\DEV\denovoai\node_modules\next\dist\compiled\next-server\app-page.runtime.dev.js:35:13009)
    at ak (C:\DEV\denovoai\node_modules\next\dist\compiled\next-server\app-page.runtime.dev.js:35:46552)
    at av (C:\DEV\denovoai\node_modules\next\dist\compiled\next-server\app-page.runtime.dev.js:35:7809)
    at C:\DEV\denovoai\node_modules\next\dist\compiled\next-server\app-page.runtime.dev.js:35:12972
    at aw (C:\DEV\denovoai\node_modules\next\dist\compiled\next-server\app-page.runtime.dev.js:35:13009)
    at aw (C:\DEV\denovoai\node_modules\next\dist\compiled\next-server\app-page.runtime.dev.js:35:43309)
    at ak (C:\DEV\denovoai\node_modules\next\dist\compiled\next-server\app-page.runtime.dev.js:35:46552)
    at ak (C:\DEV\denovoai\node_modules\next\dist\compiled\next-server\app-page.runtime.dev.js:35:46847)
    at av (C:\DEV\denovoai\node_modules\next\dist\compiled\next-server\app-page.runtime.dev.js:35:7809)
    at C:\DEV\denovoai\node_modules\next\dist\compiled\next-server\app-page.runtime.dev.js:35:12972
 ⨯ ..\node_modules\react\cjs\react.development.js (1618:20) @ useContext
 ⨯ TypeError: Cannot read properties of null (reading 'useContext')
    at useContext (webpack-internal:///(ssr)/../../node_modules/react/cjs/react.development.js:1318:31)
    at usePathname (webpack-internal:///(ssr)/../../node_modules/next/dist/client/components/navigation.js:123:34)
    at ErrorBoundary (webpack-internal:///(ssr)/../../node_modules/next/dist/client/components/error-boundary.js:160:50)
    at as (C:\DEV\denovoai\node_modules\next\dist\compiled\next-server\app-page.runtime.dev.js:35:6391)
    at C:\DEV\denovoai\node_modules\next\dist\compiled\next-server\app-page.runtime.dev.js:35:11242
    at aw (C:\DEV\denovoai\node_modules\next\dist\compiled\next-server\app-page.runtime.dev.js:35:13009)
    at ak (C:\DEV\denovoai\node_modules\next\dist\compiled\next-server\app-page.runtime.dev.js:35:46552)
    at av (C:\DEV\denovoai\node_modules\next\dist\compiled\next-server\app-page.runtime.dev.js:35:7809)
    at C:\DEV\denovoai\node_modules\next\dist\compiled\next-server\app-page.runtime.dev.js:35:12972
    at aw (C:\DEV\denovoai\node_modules\next\dist\compiled\next-server\app-page.runtime.dev.js:35:13009)
    at aw (C:\DEV\denovoai\node_modules\next\dist\compiled\next-server\app-page.runtime.dev.js:35:43309)
    at ak (C:\DEV\denovoai\node_modules\next\dist\compiled\next-server\app-page.runtime.dev.js:35:46552)
    at ak (C:\DEV\denovoai\node_modules\next\dist\compiled\next-server\app-page.runtime.dev.js:35:46847)
    at av (C:\DEV\denovoai\node_modules\next\dist\compiled\next-server\app-page.runtime.dev.js:35:7809)
    at C:\DEV\denovoai\node_modules\next\dist\compiled\next-server\app-page.runtime.dev.js:35:12972 {
  page: '/login'
}
null
Warning: <title> should not be used in _document.js's <Head>. https://nextjs.org/docs/messages/no-document-title
Warning: <title> should not be used in _document.js's <Head>. https://nextjs.org/docs/messages/no-document-title
 ⨯ ..\node_modules\next\dist\server\app-render\rsc\preloads.js (44:22) @ preload
 ⨯ TypeError: _reactdom.default.preload is not a function
    at Array.map (<anonymous>)
    at AsyncLocalStorage.run (node:async_hooks:338:14)
null
 ⨯ ..\node_modules\next\dist\server\app-render\rsc\preloads.js (44:22) @ preload
 ⨯ TypeError: _reactdom.default.preload is not a function
    at Array.map (<anonymous>)
    at AsyncLocalStorage.run (node:async_hooks:338:14)
digest: "1541586207"
null
Warning: Invalid hook call. Hooks can only be called inside of the body of a function component. This could happen for one of the following reasons:
1. You might have mismatching versions of React and the renderer (such as React DOM)
2. You might be breaking the Rules of Hooks
3. You might have more than one copy of React in the same app
See https://reactjs.org/link/invalid-hook-call for tips about how to debug and fix this problem.
TypeError: Cannot read properties of null (reading 'useContext')
    at useContext (webpack-internal:///(ssr)/../../node_modules/react/cjs/react.development.js:1318:31)
    at usePathname (webpack-internal:///(ssr)/../../node_modules/next/dist/client/components/navigation.js:123:34)
    at ErrorBoundary (webpack-internal:///(ssr)/../../node_modules/next/dist/client/components/error-boundary.js:160:50)
    at as (C:\DEV\denovoai\node_modules\next\dist\compiled\next-server\app-page.runtime.dev.js:35:6391)
    at C:\DEV\denovoai\node_modules\next\dist\compiled\next-server\app-page.runtime.dev.js:35:11242
    at aw (C:\DEV\denovoai\node_modules\next\dist\compiled\next-server\app-page.runtime.dev.js:35:13009)
    at ak (C:\DEV\denovoai\node_modules\next\dist\compiled\next-server\app-page.runtime.dev.js:35:46552)
    at av (C:\DEV\denovoai\node_modules\next\dist\compiled\next-server\app-page.runtime.dev.js:35:7809)
    at C:\DEV\denovoai\node_modules\next\dist\compiled\next-server\app-page.runtime.dev.js:35:12972
    at aw (C:\DEV\denovoai\node_modules\next\dist\compiled\next-server\app-page.runtime.dev.js:35:13009)
    at aw (C:\DEV\denovoai\node_modules\next\dist\compiled\next-server\app-page.runtime.dev.js:35:43309)
    at ak (C:\DEV\denovoai\node_modules\next\dist\compiled\next-server\app-page.runtime.dev.js:35:46552)
    at ak (C:\DEV\denovoai\node_modules\next\dist\compiled\next-server\app-page.runtime.dev.js:35:46847)
    at av (C:\DEV\denovoai\node_modules\next\dist\compiled\next-server\app-page.runtime.dev.js:35:7809)
    at C:\DEV\denovoai\node_modules\next\dist\compiled\next-server\app-page.runtime.dev.js:35:12972
 ⨯ ..\node_modules\react\cjs\react.development.js (1618:20) @ useContext
 ⨯ TypeError: Cannot read properties of null (reading 'useContext')
    at useContext (webpack-internal:///(ssr)/../../node_modules/react/cjs/react.development.js:1318:31)
    at usePathname (webpack-internal:///(ssr)/../../node_modules/next/dist/client/components/navigation.js:123:34)
    at ErrorBoundary (webpack-internal:///(ssr)/../../node_modules/next/dist/client/components/error-boundary.js:160:50)
    at as (C:\DEV\denovoai\node_modules\next\dist\compiled\next-server\app-page.runtime.dev.js:35:6391)
    at C:\DEV\denovoai\node_modules\next\dist\compiled\next-server\app-page.runtime.dev.js:35:11242
    at aw (C:\DEV\denovoai\node_modules\next\dist\compiled\next-server\app-page.runtime.dev.js:35:13009)
    at ak (C:\DEV\denovoai\node_modules\next\dist\compiled\next-server\app-page.runtime.dev.js:35:46552)
    at av (C:\DEV\denovoai\node_modules\next\dist\compiled\next-server\app-page.runtime.dev.js:35:7809)
    at C:\DEV\denovoai\node_modules\next\dist\compiled\next-server\app-page.runtime.dev.js:35:12972
    at aw (C:\DEV\denovoai\node_modules\next\dist\compiled\next-server\app-page.runtime.dev.js:35:13009)
    at aw (C:\DEV\denovoai\node_modules\next\dist\compiled\next-server\app-page.runtime.dev.js:35:43309)
    at ak (C:\DEV\denovoai\node_modules\next\dist\compiled\next-server\app-page.runtime.dev.js:35:46552)
    at ak (C:\DEV\denovoai\node_modules\next\dist\compiled\next-server\app-page.runtime.dev.js:35:46847)
    at av (C:\DEV\denovoai\node_modules\next\dist\compiled\next-server\app-page.runtime.dev.js:35:7809)
    at C:\DEV\denovoai\node_modules\next\dist\compiled\next-server\app-page.runtime.dev.js:35:12972 {
  page: '/login'
}
null
Warning: <title> should not be used in _document.js's <Head>. https://nextjs.org/docs/messages/no-document-title
Warning: <title> should not be used in _document.js's <Head>. https://nextjs.org/docs/messages/no-document-title
 ⨯ ..\node_modules\next\dist\server\app-render\rsc\preloads.js (44:22) @ preload
 ⨯ TypeError: _reactdom.default.preload is not a function
    at Array.map (<anonymous>)
    at AsyncLocalStorage.run (node:async_hooks:338:14)
null
 ⨯ ..\node_modules\next\dist\server\app-render\rsc\preloads.js (44:22) @ preload
 ⨯ TypeError: _reactdom.default.preload is not a function
    at Array.map (<anonymous>)
    at AsyncLocalStorage.run (node:async_hooks:338:14)
digest: "1541586207"
null
Warning: Invalid hook call. Hooks can only be called inside of the body of a function component. This could happen for one of the following reasons:
1. You might have mismatching versions of React and the renderer (such as React DOM)
2. You might be breaking the Rules of Hooks
3. You might have more than one copy of React in the same app
See https://reactjs.org/link/invalid-hook-call for tips about how to debug and fix this problem.
TypeError: Cannot read properties of null (reading 'useContext')
    at useContext (webpack-internal:///(ssr)/../../node_modules/react/cjs/react.development.js:1318:31)
    at usePathname (webpack-internal:///(ssr)/../../node_modules/next/dist/client/components/navigation.js:123:34)
    at ErrorBoundary (webpack-internal:///(ssr)/../../node_modules/next/dist/client/components/error-boundary.js:160:50)
    at as (C:\DEV\denovoai\node_modules\next\dist\compiled\next-server\app-page.runtime.dev.js:35:6391)
    at C:\DEV\denovoai\node_modules\next\dist\compiled\next-server\app-page.runtime.dev.js:35:11242
    at aw (C:\DEV\denovoai\node_modules\next\dist\compiled\next-server\app-page.runtime.dev.js:35:13009)
    at ak (C:\DEV\denovoai\node_modules\next\dist\compiled\next-server\app-page.runtime.dev.js:35:46552)
    at av (C:\DEV\denovoai\node_modules\next\dist\compiled\next-server\app-page.runtime.dev.js:35:7809)
    at C:\DEV\denovoai\node_modules\next\dist\compiled\next-server\app-page.runtime.dev.js:35:12972
    at aw (C:\DEV\denovoai\node_modules\next\dist\compiled\next-server\app-page.runtime.dev.js:35:13009)
    at aw (C:\DEV\denovoai\node_modules\next\dist\compiled\next-server\app-page.runtime.dev.js:35:43309)
    at ak (C:\DEV\denovoai\node_modules\next\dist\compiled\next-server\app-page.runtime.dev.js:35:46552)
    at ak (C:\DEV\denovoai\node_modules\next\dist\compiled\next-server\app-page.runtime.dev.js:35:46847)
    at av (C:\DEV\denovoai\node_modules\next\dist\compiled\next-server\app-page.runtime.dev.js:35:7809)
    at C:\DEV\denovoai\node_modules\next\dist\compiled\next-server\app-page.runtime.dev.js:35:12972
 ⨯ ..\node_modules\react\cjs\react.development.js (1618:20) @ useContext
 ⨯ TypeError: Cannot read properties of null (reading 'useContext')
    at useContext (webpack-internal:///(ssr)/../../node_modules/react/cjs/react.development.js:1318:31)
    at usePathname (webpack-internal:///(ssr)/../../node_modules/next/dist/client/components/navigation.js:123:34)
    at ErrorBoundary (webpack-internal:///(ssr)/../../node_modules/next/dist/client/components/error-boundary.js:160:50)
    at as (C:\DEV\denovoai\node_modules\next\dist\compiled\next-server\app-page.runtime.dev.js:35:6391)
    at C:\DEV\denovoai\node_modules\next\dist\compiled\next-server\app-page.runtime.dev.js:35:11242
    at aw (C:\DEV\denovoai\node_modules\next\dist\compiled\next-server\app-page.runtime.dev.js:35:13009)
    at ak (C:\DEV\denovoai\node_modules\next\dist\compiled\next-server\app-page.runtime.dev.js:35:46552)
    at av (C:\DEV\denovoai\node_modules\next\dist\compiled\next-server\app-page.runtime.dev.js:35:7809)
    at C:\DEV\denovoai\node_modules\next\dist\compiled\next-server\app-page.runtime.dev.js:35:12972
    at aw (C:\DEV\denovoai\node_modules\next\dist\compiled\next-server\app-page.runtime.dev.js:35:13009)
    at aw (C:\DEV\denovoai\node_modules\next\dist\compiled\next-server\app-page.runtime.dev.js:35:43309)
    at ak (C:\DEV\denovoai\node_modules\next\dist\compiled\next-server\app-page.runtime.dev.js:35:46552)
    at ak (C:\DEV\denovoai\node_modules\next\dist\compiled\next-server\app-page.runtime.dev.js:35:46847)
    at av (C:\DEV\denovoai\node_modules\next\dist\compiled\next-server\app-page.runtime.dev.js:35:7809)
    at C:\DEV\denovoai\node_modules\next\dist\compiled\next-server\app-page.runtime.dev.js:35:12972 {
  page: '/login'
}
null
Warning: <title> should not be used in _document.js's <Head>. https://nextjs.org/docs/messages/no-document-title
