 ⨯ Failed to start server
Error: listen EADDRINUSE: address already in use :::3004
    at Server.setupListenHandle [as _listen2] (node:net:1817:16)
    at listenInCluster (node:net:1865:12)
    at Server.listen (node:net:1953:7)
    at C:\dev\denovoai\node_modules\next\dist\server\lib\start-server.js:278:16
    at new Promise (<anonymous>)
    at startServer (C:\dev\denovoai\node_modules\next\dist\server\lib\start-server.js:190:11)
    at C:\dev\denovoai\node_modules\n ⨯ ./pages/index.tsx:3:0
Module not found: Can't resolve '@/lib/supabase/client'
[0m [90m 1 |[39m [36mimport[39m [33mReact[39m[33m,[39m { useEffect[33m,[39m useState } [36mfrom[39m [32m'react'[39m[0m
[0m [90m 2 |[39m [36mimport[39m [33mHead[39m [36mfrom[39m [32m'next/head'[39m[0m
[0m[31m[1m>[22m[39m[90m 3 |[39m [36mimport[39m { createClient } [36mfrom[39m [32m'@/lib/supabase/client'[39m[0m
[0m [90m 4 |[39m [36mimport[39m type { [33mUser[39m } [36mfrom[39m [32m'@supabase/supabase-js'[39m[0m
[0m [90m 5 |[39m[0m
[0m [90m 6 |[39m type [33mRun[39m [33m=[39m {[0m

https://nextjs.org/docs/messages/module-not-found
<w> [webpack.cache.PackFileCacheStrategy] Serializing big strings (143kiB) impacts deserialization performance (consider using Buffer instead and decode when needed)
 ⨯ ./pages/index.tsx:3:0
Module not found: Can't resolve '@/lib/supabase/client'
[0m [90m 1 |[39m [36mimport[39m [33mReact[39m[33m,[39m { useEffect[33m,[39m useState } [36mfrom[39m [32m'react'[39m[0m
[0m [90m 2 |[39m [36mimport[39m [33mHead[39m [36mfrom[39m [32m'next/head'[39m[0m
[0m[31m[1m>[22m[39m[90m 3 |[39m [36mimport[39m { createClient } [36mfrom[39m [32m'@/lib/supabase/client'[39m[0m
[0m [90m 4 |[39m [36mimport[39m type { [33mUser[39m } [36mfrom[39m [32m'@supabase/supabase-js'[39m[0m
[0m [90m 5 |[39m[0m
[0m [90m 6 |[39m type [33mRun[39m [33m=[39m {[0m

https://nextjs.org/docs/messages/module-not-found
 ⨯ ./pages/index.tsx:3:0
Module not found: Can't resolve '@/lib/supabase/client'
[0m [90m 1 |[39m [36mimport[39m [33mReact[39m[33m,[39m { useEffect[33m,[39m useState } [36mfrom[39m [32m'react'[39m[0m
[0m [90m 2 |[39m [36mimport[39m [33mHead[39m [36mfrom[39m [32m'next/head'[39m[0m
[0m[31m[1m>[22m[39m[90m 3 |[39m [36mimport[39m { createClient } [36mfrom[39m [32m'@/lib/supabase/client'[39m[0m
[0m [90m 4 |[39m [36mimport[39m type { [33mUser[39m } [36mfrom[39m [32m'@supabase/supabase-js'[39m[0m
[0m [90m 5 |[39m[0m
[0m [90m 6 |[39m type [33mRun[39m [33m=[39m {[0m

https://nextjs.org/docs/messages/module-not-found
